Copyright 1986-2016 Xilinx, Inc. All Rights Reserved.
------------------------------------------------------------------------------------
| Tool Version : Vivado v.2016.4 (win64) Build 1756540 Mon Jan 23 19:11:23 MST 2017
| Date         : Mon Jul 13 16:00:40 2020
| Host         : Dell-RNX-RD running 64-bit major release  (build 9200)
| Command      : upgrade_ip
| Device       : xc7k325tffg900-2
------------------------------------------------------------------------------------

Upgrade Log for IP 'design_1_lepton_if_0_0'

1. Summary
----------

SUCCESS in the upgrade of design_1_lepton_if_0_0 (xilinx.com:user:lepton_if:1.0) from (Rev. 16) to (Rev. 17)






Copyright 1986-2016 Xilinx, Inc. All Rights Reserved.
------------------------------------------------------------------------------------
| Tool Version : Vivado v.2016.4 (win64) Build 1756540 Mon Jan 23 19:11:23 MST 2017
| Date         : Mon Jul 13 15:28:03 2020
| Host         : Dell-RNX-RD running 64-bit major release  (build 9200)
| Command      : upgrade_ip
| Device       : xc7k325tffg900-2
------------------------------------------------------------------------------------

Upgrade Log for IP 'design_1_lepton_if_0_0'

1. Summary
----------

SUCCESS in the upgrade of design_1_lepton_if_0_0 (xilinx.com:user:lepton_if:1.0) from (Rev. 15) to (Rev. 16)






Copyright 1986-2016 Xilinx, Inc. All Rights Reserved.
------------------------------------------------------------------------------------
| Tool Version : Vivado v.2016.4 (win64) Build 1756540 Mon Jan 23 19:11:23 MST 2017
| Date         : Mon Jul 13 15:13:27 2020
| Host         : Dell-RNX-RD running 64-bit major release  (build 9200)
| Command      : upgrade_ip
| Device       : xc7k325tffg900-2
------------------------------------------------------------------------------------

Upgrade Log for IP 'design_1_lepton_if_0_0'

1. Summary
----------

SUCCESS in the upgrade of design_1_lepton_if_0_0 (xilinx.com:user:lepton_if:1.0) from (Rev. 14) to (Rev. 15)






Copyright 1986-2016 Xilinx, Inc. All Rights Reserved.
------------------------------------------------------------------------------------
| Tool Version : Vivado v.2016.4 (win64) Build 1756540 Mon Jan 23 19:11:23 MST 2017
| Date         : Mon Jul 13 14:55:28 2020
| Host         : Dell-RNX-RD running 64-bit major release  (build 9200)
| Command      : upgrade_ip
| Device       : xc7k325tffg900-2
------------------------------------------------------------------------------------

Upgrade Log for IP 'design_1_lepton_if_0_0'

1. Summary
----------

SUCCESS in the upgrade of design_1_lepton_if_0_0 (xilinx.com:user:lepton_if:1.0) from (Rev. 13) to (Rev. 14)






Copyright 1986-2016 Xilinx, Inc. All Rights Reserved.
------------------------------------------------------------------------------------
| Tool Version : Vivado v.2016.4 (win64) Build 1756540 Mon Jan 23 19:11:23 MST 2017
| Date         : Mon Jul 13 14:41:47 2020
| Host         : Dell-RNX-RD running 64-bit major release  (build 9200)
| Command      : upgrade_ip
| Device       : xc7k325tffg900-2
------------------------------------------------------------------------------------

Upgrade Log for IP 'design_1_lepton_if_0_0'

1. Summary
----------

SUCCESS in the upgrade of design_1_lepton_if_0_0 (xilinx.com:user:lepton_if:1.0) from (Rev. 12) to (Rev. 13)






Copyright 1986-2016 Xilinx, Inc. All Rights Reserved.
------------------------------------------------------------------------------------
| Tool Version : Vivado v.2016.4 (win64) Build 1756540 Mon Jan 23 19:11:23 MST 2017
| Date         : Mon Jul 13 10:43:01 2020
| Host         : Dell-RNX-RD running 64-bit major release  (build 9200)
| Command      : upgrade_ip
| Device       : xc7k325tffg900-2
------------------------------------------------------------------------------------

Upgrade Log for IP 'design_1_lepton_if_0_0'

1. Summary
----------

SUCCESS in the upgrade of design_1_lepton_if_0_0 (xilinx.com:user:lepton_if:1.0) from (Rev. 11) to (Rev. 12)






Copyright 1986-2016 Xilinx, Inc. All Rights Reserved.
------------------------------------------------------------------------------------
| Tool Version : Vivado v.2016.4 (win64) Build 1756540 Mon Jan 23 19:11:23 MST 2017
| Date         : Fri Jul 10 15:24:07 2020
| Host         : Dell-RNX-RD running 64-bit major release  (build 9200)
| Command      : upgrade_ip
| Device       : xc7k325tffg900-2
------------------------------------------------------------------------------------

Upgrade Log for IP 'design_1_lepton_if_0_0'

1. Summary
----------

CAUTION (success, with warnings) in the upgrade of design_1_lepton_if_0_0 (xilinx.com:user:lepton_if:1.0) from (Rev. 10) to (Rev. 11)

After upgrade, an IP may have parameter and port differences compared to the original customization. Please review the parameters within the IP customization GUI to ensure proper functionality. Also, please review the updated IP instantiation template to ensure proper connectivity, and update your design if required.

2. Connection Warnings
----------------------

Detected external port differences while upgrading 'design_1_lepton_if_0_0'. These changes may impact your design.


-Upgraded port 'addrb' width 19 differs from original width 32







Copyright 1986-2016 Xilinx, Inc. All Rights Reserved.
------------------------------------------------------------------------------------
| Tool Version : Vivado v.2016.4 (win64) Build 1756540 Mon Jan 23 19:11:23 MST 2017
| Date         : Fri Jul 10 14:12:20 2020
| Host         : Dell-RNX-RD running 64-bit major release  (build 9200)
| Command      : upgrade_ip
| Device       : xc7k325tffg900-2
------------------------------------------------------------------------------------

Upgrade Log for IP 'design_1_lepton_if_0_0'

1. Summary
----------

CAUTION (success, with warnings) in the upgrade of design_1_lepton_if_0_0 (xilinx.com:user:lepton_if:1.0) from (Rev. 9) to (Rev. 10)

After upgrade, an IP may have parameter and port differences compared to the original customization. Please review the parameters within the IP customization GUI to ensure proper functionality. Also, please review the updated IP instantiation template to ensure proper connectivity, and update your design if required.

2. Connection Warnings
----------------------

Detected external port differences while upgrading 'design_1_lepton_if_0_0'. These changes may impact your design.


-Upgraded port 'dinb' width 8 differs from original width 32







Copyright 1986-2016 Xilinx, Inc. All Rights Reserved.
------------------------------------------------------------------------------------
| Tool Version : Vivado v.2016.4 (win64) Build 1756540 Mon Jan 23 19:11:23 MST 2017
| Date         : Fri Jul 10 10:09:03 2020
| Host         : Dell-RNX-RD running 64-bit major release  (build 9200)
| Command      : upgrade_ip
| Device       : xc7k325tffg900-2
------------------------------------------------------------------------------------

Upgrade Log for IP 'design_1_lepton_if_0_0'

1. Summary
----------

SUCCESS in the upgrade of design_1_lepton_if_0_0 (xilinx.com:user:lepton_if:1.0) from (Rev. 8) to (Rev. 9)






Copyright 1986-2016 Xilinx, Inc. All Rights Reserved.
------------------------------------------------------------------------------------
| Tool Version : Vivado v.2016.4 (win64) Build 1756540 Mon Jan 23 19:11:23 MST 2017
| Date         : Fri Jul 10 09:20:26 2020
| Host         : Dell-RNX-RD running 64-bit major release  (build 9200)
| Command      : upgrade_ip
| Device       : xc7k325tffg900-2
------------------------------------------------------------------------------------

Upgrade Log for IP 'design_1_lepton_if_0_0'

1. Summary
----------

CAUTION (success, with warnings) in the upgrade of design_1_lepton_if_0_0 (xilinx.com:user:lepton_if:1.0) from (Rev. 7) to (Rev. 8)

After upgrade, an IP may have parameter and port differences compared to the original customization. Please review the parameters within the IP customization GUI to ensure proper functionality. Also, please review the updated IP instantiation template to ensure proper connectivity, and update your design if required.

2. Connection Warnings
----------------------

Detected external port differences while upgrading 'design_1_lepton_if_0_0'. These changes may impact your design.


-Upgrade has added port 'frame_val'







Copyright 1986-2016 Xilinx, Inc. All Rights Reserved.
------------------------------------------------------------------------------------
| Tool Version : Vivado v.2016.4 (win64) Build 1756540 Mon Jan 23 19:11:23 MST 2017
| Date         : Thu Jul 09 15:56:49 2020
| Host         : Dell-RNX-RD running 64-bit major release  (build 9200)
| Command      : upgrade_ip
| Device       : xc7k325tffg900-2
------------------------------------------------------------------------------------

Upgrade Log for IP 'design_1_lepton_if_0_0'

1. Summary
----------

SUCCESS in the upgrade of design_1_lepton_if_0_0 (xilinx.com:user:lepton_if:1.0) from (Rev. 6) to (Rev. 7)






Copyright 1986-2016 Xilinx, Inc. All Rights Reserved.
------------------------------------------------------------------------------------
| Tool Version : Vivado v.2016.4 (win64) Build 1756540 Mon Jan 23 19:11:23 MST 2017
| Date         : Thu Jul 09 10:17:40 2020
| Host         : Dell-RNX-RD running 64-bit major release  (build 9200)
| Command      : upgrade_ip
| Device       : xc7k325tffg900-2
------------------------------------------------------------------------------------

Upgrade Log for IP 'design_1_lepton_if_0_0'

1. Summary
----------

CAUTION (success, with warnings) in the upgrade of design_1_lepton_if_0_0 (xilinx.com:user:lepton_if:1.0) from (Rev. 5) to (Rev. 6)

After upgrade, an IP may have parameter and port differences compared to the original customization. Please review the parameters within the IP customization GUI to ensure proper functionality. Also, please review the updated IP instantiation template to ensure proper connectivity, and update your design if required.

2. Connection Warnings
----------------------

Detected external port differences while upgrading 'design_1_lepton_if_0_0'. These changes may impact your design.


-Upgrade has added port 'miso_data'







Copyright 1986-2016 Xilinx, Inc. All Rights Reserved.
------------------------------------------------------------------------------------
| Tool Version : Vivado v.2016.4 (win64) Build 1756540 Mon Jan 23 19:11:23 MST 2017
| Date         : Wed Jul 08 19:58:32 2020
| Host         : Dell-RNX-RD running 64-bit major release  (build 9200)
| Command      : upgrade_ip
| Device       : xc7k325tffg900-2
------------------------------------------------------------------------------------

Upgrade Log for IP 'design_1_lepton_if_0_0'

1. Summary
----------

SUCCESS in the upgrade of design_1_lepton_if_0_0 (xilinx.com:user:lepton_if:1.0) from (Rev. 4) to (Rev. 5)






Copyright 1986-2016 Xilinx, Inc. All Rights Reserved.
------------------------------------------------------------------------------------
| Tool Version : Vivado v.2016.4 (win64) Build 1756540 Mon Jan 23 19:11:23 MST 2017
| Date         : Wed Jul 08 15:36:48 2020
| Host         : Dell-RNX-RD running 64-bit major release  (build 9200)
| Command      : upgrade_ip
| Device       : xc7k325tffg900-2
------------------------------------------------------------------------------------

Upgrade Log for IP 'design_1_lepton_if_0_0'

1. Summary
----------

SUCCESS in the upgrade of design_1_lepton_if_0_0 (xilinx.com:user:lepton_if:1.0) from (Rev. 3) to (Rev. 4)






Copyright 1986-2016 Xilinx, Inc. All Rights Reserved.
------------------------------------------------------------------------------------
| Tool Version : Vivado v.2016.4 (win64) Build 1756540 Mon Jan 23 19:11:23 MST 2017
| Date         : Wed Jul 08 15:33:21 2020
| Host         : Dell-RNX-RD running 64-bit major release  (build 9200)
| Command      : upgrade_ip
| Device       : xc7k325tffg900-2
------------------------------------------------------------------------------------

Upgrade Log for IP 'design_1_lepton_if_0_0'

1. Summary
----------

SUCCESS in the upgrade of design_1_lepton_if_0_0 (xilinx.com:user:lepton_if:1.0) from (Rev. 2) to (Rev. 3)

