
*** Running vivado
    with args -log design_1_clk_wiz_0_0.vds -m64 -product Vivado -mode batch -messageDb vivado.pb -notrace -source design_1_clk_wiz_0_0.tcl


****** Vivado v2016.4 (64-bit)
  **** SW Build 1756540 on Mon Jan 23 19:11:23 MST 2017
  **** IP Build 1755317 on Mon Jan 23 20:30:07 MST 2017
    ** Copyright 1986-2016 Xilinx, Inc. All Rights Reserved.

source design_1_clk_wiz_0_0.tcl -notrace
Starting RTL Elaboration : Time (s): cpu = 00:00:07 ; elapsed = 00:00:13 . Memory (MB): peak = 344.293 ; gain = 134.398
INFO: [Synth 8-638] synthesizing module 'design_1_clk_wiz_0_0' [d:/Vivado_workspace/vivado2016.4/FLIR_Thermal_Camera/FLIR_Thermal_Camera.srcs/sources_1/bd/design_1/ip/design_1_clk_wiz_0_0/design_1_clk_wiz_0_0.v:72]
INFO: [Synth 8-638] synthesizing module 'design_1_clk_wiz_0_0_clk_wiz' [d:/Vivado_workspace/vivado2016.4/FLIR_Thermal_Camera/FLIR_Thermal_Camera.srcs/sources_1/bd/design_1/ip/design_1_clk_wiz_0_0/design_1_clk_wiz_0_0_clk_wiz.v:70]
INFO: [Synth 8-638] synthesizing module 'IBUFDS' [C:/Xilinx/Vivado/2016.4/scripts/rt/data/unisim_comp.v:14161]
INFO: [Synth 8-256] done synthesizing module 'IBUFDS' (1#1) [C:/Xilinx/Vivado/2016.4/scripts/rt/data/unisim_comp.v:14161]
INFO: [Synth 8-638] synthesizing module 'MMCME2_ADV' [C:/Xilinx/Vivado/2016.4/scripts/rt/data/unisim_comp.v:20414]
INFO: [Synth 8-256] done synthesizing module 'MMCME2_ADV' (2#1) [C:/Xilinx/Vivado/2016.4/scripts/rt/data/unisim_comp.v:20414]
INFO: [Synth 8-638] synthesizing module 'BUFG' [C:/Xilinx/Vivado/2016.4/scripts/rt/data/unisim_comp.v:607]
INFO: [Synth 8-256] done synthesizing module 'BUFG' (3#1) [C:/Xilinx/Vivado/2016.4/scripts/rt/data/unisim_comp.v:607]
INFO: [Synth 8-256] done synthesizing module 'design_1_clk_wiz_0_0_clk_wiz' (4#1) [d:/Vivado_workspace/vivado2016.4/FLIR_Thermal_Camera/FLIR_Thermal_Camera.srcs/sources_1/bd/design_1/ip/design_1_clk_wiz_0_0/design_1_clk_wiz_0_0_clk_wiz.v:70]
INFO: [Synth 8-256] done synthesizing module 'design_1_clk_wiz_0_0' (5#1) [d:/Vivado_workspace/vivado2016.4/FLIR_Thermal_Camera/FLIR_Thermal_Camera.srcs/sources_1/bd/design_1/ip/design_1_clk_wiz_0_0/design_1_clk_wiz_0_0.v:72]
Finished RTL Elaboration : Time (s): cpu = 00:00:08 ; elapsed = 00:00:14 . Memory (MB): peak = 381.535 ; gain = 171.641
Finished RTL Optimization Phase 1 : Time (s): cpu = 00:00:08 ; elapsed = 00:00:14 . Memory (MB): peak = 381.535 ; gain = 171.641
INFO: [Device 21-403] Loading part xc7k325tffg900-2
Constraint Validation Runtime : Time (s): cpu = 00:00:00 ; elapsed = 00:00:00.015 . Memory (MB): peak = 641.066 ; gain = 0.000
Finished Constraint Validation : Time (s): cpu = 00:00:18 ; elapsed = 00:00:25 . Memory (MB): peak = 641.066 ; gain = 431.172
Finished Loading Part and Timing Information : Time (s): cpu = 00:00:18 ; elapsed = 00:00:25 . Memory (MB): peak = 641.066 ; gain = 431.172
Finished applying 'set_property' XDC Constraints : Time (s): cpu = 00:00:18 ; elapsed = 00:00:25 . Memory (MB): peak = 641.066 ; gain = 431.172
Finished RTL Optimization Phase 2 : Time (s): cpu = 00:00:18 ; elapsed = 00:00:25 . Memory (MB): peak = 641.066 ; gain = 431.172
Finished Cross Boundary and Area Optimization : Time (s): cpu = 00:00:18 ; elapsed = 00:00:25 . Memory (MB): peak = 641.066 ; gain = 431.172
Finished Applying XDC Timing Constraints : Time (s): cpu = 00:00:28 ; elapsed = 00:00:35 . Memory (MB): peak = 670.059 ; gain = 460.164
Finished Timing Optimization : Time (s): cpu = 00:00:28 ; elapsed = 00:00:35 . Memory (MB): peak = 670.059 ; gain = 460.164
Finished Technology Mapping : Time (s): cpu = 00:00:28 ; elapsed = 00:00:35 . Memory (MB): peak = 679.750 ; gain = 469.855
Finished IO Insertion : Time (s): cpu = 00:00:28 ; elapsed = 00:00:36 . Memory (MB): peak = 679.750 ; gain = 469.855
Finished Renaming Generated Instances : Time (s): cpu = 00:00:28 ; elapsed = 00:00:36 . Memory (MB): peak = 679.750 ; gain = 469.855
Finished Rebuilding User Hierarchy : Time (s): cpu = 00:00:28 ; elapsed = 00:00:36 . Memory (MB): peak = 679.750 ; gain = 469.855
Finished Renaming Generated Ports : Time (s): cpu = 00:00:28 ; elapsed = 00:00:36 . Memory (MB): peak = 679.750 ; gain = 469.855
Finished Handling Custom Attributes : Time (s): cpu = 00:00:29 ; elapsed = 00:00:36 . Memory (MB): peak = 679.750 ; gain = 469.855
Finished Renaming Generated Nets : Time (s): cpu = 00:00:29 ; elapsed = 00:00:36 . Memory (MB): peak = 679.750 ; gain = 469.855

Report Cell Usage: 
+------+-----------+------+
|      |Cell       |Count |
+------+-----------+------+
|1     |BUFG       |     4|
|2     |LUT1       |     1|
|3     |MMCME2_ADV |     1|
|4     |IBUFDS     |     1|
+------+-----------+------+
Finished Writing Synthesis Report : Time (s): cpu = 00:00:29 ; elapsed = 00:00:36 . Memory (MB): peak = 679.750 ; gain = 469.855
synth_design: Time (s): cpu = 00:00:31 ; elapsed = 00:00:33 . Memory (MB): peak = 1128.754 ; gain = 869.031
