Unable to capture context for thread 28216 in process 18060, can not generate back trace
Unable to capture context for thread 29532 in process 18060, can not generate back trace
Unable to capture context for thread 30376 in process 18060, can not generate back trace
Exception at PC 0x00007FFBCA9EA799
Unable to capture context for thread 30376 in process 18060, can not generate back trace
Exception at PC 0x00007FFB3CB2BB93
Printing stacktrace...

Exception at PC 0x00007FFBCA9EA799
Exception at PC 0x00007FFBCA9EA799
Exception at PC 0x00007FFBCA9EA799
Exception at PC 0x00007FFBCA9EA799
Exception at PC 0x00007FFBCA9EA799
Exception at PC 0x00007FFBCA9EA799
Exception at PC 0x00007FFBCA9EA799
Exception at PC 0x00007FFBCA9EA799
Exception at PC 0x00007FFBCA9EA799
[0]  [0x00007FFB3CB2BB93]
[1]  [0x00007FFB3CB2BB93]
[2]  [0x00007FFB3CB2B4A1]
[3]  [0x00007FFB3CB2B3EF]
[4]  [0x00007FFB3CB119FE]
[5]  [0x00007FFB3CB10ED1]
[6]  [0x00007FFB3CB10D76]
[7]  [0x00007FFB3CAB79F6]
[8]  [0x00007FFB3CAA7AFB]
[9]  [0x00007FFB3CBCE90A]
[10]  [0x00007FFB3CBE9F87]
[11]  [0x00007FFB3CBEA05F]
[12] (BaseThreadInitThunk+0x14) [0x00007FFBCBA67BD4]
[13] (RtlUserThreadStart+0x21) [0x00007FFBCD88CE51]
Done
Exception at PC 0x00007FFBCA9EA799
Exception at PC 0x00007FFBCA9EA799
Exception at PC 0x00007FFBCA9EA799
Exception at PC 0x00007FFBCA9EA799
Exception at PC 0x00007FFBCA9EA799
Exception at PC 0x00007FFBCA9EA799
Exception at PC 0x00007FFBCA9EA799
Exception at PC 0x00007FFBCA9EA799
