
*** Running vivado
    with args -log design_1_wrapper.vds -m64 -product Vivado -mode batch -messageDb vivado.pb -notrace -source design_1_wrapper.tcl


****** Vivado v2016.4 (64-bit)
  **** SW Build 1756540 on Mon Jan 23 19:11:23 MST 2017
  **** IP Build 1755317 on Mon Jan 23 20:30:07 MST 2017
    ** Copyright 1986-2016 Xilinx, Inc. All Rights Reserved.

source design_1_wrapper.tcl -notrace
INFO: [IP_Flow 19-234] Refreshing IP repositories
INFO: [IP_Flow 19-1700] Loaded user IP repository 'd:/Vivado_workspace/vivado2016.4/FLIR_Thermal_Camera/user_IPs'.
INFO: [IP_Flow 19-1700] Loaded user IP repository 'd:/Vivado_workspace/vivado2016.4/BRAM_out_cntrl'.
INFO: [IP_Flow 19-2313] Loaded Vivado IP repository 'C:/Xilinx/Vivado/2016.4/data/ip'.
Command: synth_design -top design_1_wrapper -part xc7k325tffg900-2
Starting synth_design
Attempting to get a license for feature 'Synthesis' and/or device 'xc7k325t'
INFO: [Common 17-349] Got license for feature 'Synthesis' and/or device 'xc7k325t'
INFO: [Common 17-1223] The version limit for your license is '2017.08' and will expire in -1047 days. A version limit expiration means that, although you may be able to continue to use the current version of tools or IP with this license, you will not be eligible for any updates or new releases.
INFO: Launching helper process for spawning children vivado processes
INFO: Helper process launched with PID 13292 
---------------------------------------------------------------------------------
Starting RTL Elaboration : Time (s): cpu = 00:00:07 ; elapsed = 00:00:14 . Memory (MB): peak = 384.805 ; gain = 174.664
---------------------------------------------------------------------------------
INFO: [Synth 8-638] synthesizing module 'design_1_wrapper' [D:/Vivado_workspace/vivado2016.4/FLIR_Thermal_Camera/FLIR_Thermal_Camera.srcs/sources_1/bd/design_1/hdl/design_1_wrapper.vhd:36]
INFO: [Synth 8-3491] module 'design_1' declared at 'D:/Vivado_workspace/vivado2016.4/FLIR_Thermal_Camera/FLIR_Thermal_Camera.srcs/sources_1/bd/design_1/hdl/design_1.vhd:14' bound to instance 'design_1_i' of component 'design_1' [D:/Vivado_workspace/vivado2016.4/FLIR_Thermal_Camera/FLIR_Thermal_Camera.srcs/sources_1/bd/design_1/hdl/design_1_wrapper.vhd:59]
INFO: [Synth 8-638] synthesizing module 'design_1' [D:/Vivado_workspace/vivado2016.4/FLIR_Thermal_Camera/FLIR_Thermal_Camera.srcs/sources_1/bd/design_1/hdl/design_1.vhd:40]
INFO: [Synth 8-3491] module 'design_1_R_CONST_1' declared at 'D:/Vivado_workspace/vivado2016.4/FLIR_Thermal_Camera/FLIR_Thermal_Camera.runs/synth_1/.Xil/Vivado-29400-Dell-RNX-RD/realtime/design_1_R_CONST_1_stub.vhdl:5' bound to instance 'B_CONST' of component 'design_1_R_CONST_1' [D:/Vivado_workspace/vivado2016.4/FLIR_Thermal_Camera/FLIR_Thermal_Camera.srcs/sources_1/bd/design_1/hdl/design_1.vhd:231]
INFO: [Synth 8-638] synthesizing module 'design_1_R_CONST_1' [D:/Vivado_workspace/vivado2016.4/FLIR_Thermal_Camera/FLIR_Thermal_Camera.runs/synth_1/.Xil/Vivado-29400-Dell-RNX-RD/realtime/design_1_R_CONST_1_stub.vhdl:12]
INFO: [Synth 8-3491] module 'design_1_Cntrl_BRAM_out_0_0' declared at 'D:/Vivado_workspace/vivado2016.4/FLIR_Thermal_Camera/FLIR_Thermal_Camera.runs/synth_1/.Xil/Vivado-29400-Dell-RNX-RD/realtime/design_1_Cntrl_BRAM_out_0_0_stub.vhdl:5' bound to instance 'Cntrl_BRAM_out_0' of component 'design_1_Cntrl_BRAM_out_0_0' [D:/Vivado_workspace/vivado2016.4/FLIR_Thermal_Camera/FLIR_Thermal_Camera.srcs/sources_1/bd/design_1/hdl/design_1.vhd:235]
INFO: [Synth 8-638] synthesizing module 'design_1_Cntrl_BRAM_out_0_0' [D:/Vivado_workspace/vivado2016.4/FLIR_Thermal_Camera/FLIR_Thermal_Camera.runs/synth_1/.Xil/Vivado-29400-Dell-RNX-RD/realtime/design_1_Cntrl_BRAM_out_0_0_stub.vhdl:15]
INFO: [Synth 8-3491] module 'design_1_R_CONST_0' declared at 'D:/Vivado_workspace/vivado2016.4/FLIR_Thermal_Camera/FLIR_Thermal_Camera.runs/synth_1/.Xil/Vivado-29400-Dell-RNX-RD/realtime/design_1_R_CONST_0_stub.vhdl:5' bound to instance 'G_CONST' of component 'design_1_R_CONST_0' [D:/Vivado_workspace/vivado2016.4/FLIR_Thermal_Camera/FLIR_Thermal_Camera.srcs/sources_1/bd/design_1/hdl/design_1.vhd:242]
INFO: [Synth 8-638] synthesizing module 'design_1_R_CONST_0' [D:/Vivado_workspace/vivado2016.4/FLIR_Thermal_Camera/FLIR_Thermal_Camera.runs/synth_1/.Xil/Vivado-29400-Dell-RNX-RD/realtime/design_1_R_CONST_0_stub.vhdl:12]
INFO: [Synth 8-3491] module 'design_1_xlconstant_0_1' declared at 'D:/Vivado_workspace/vivado2016.4/FLIR_Thermal_Camera/FLIR_Thermal_Camera.runs/synth_1/.Xil/Vivado-29400-Dell-RNX-RD/realtime/design_1_xlconstant_0_1_stub.vhdl:5' bound to instance 'R_CONST' of component 'design_1_xlconstant_0_1' [D:/Vivado_workspace/vivado2016.4/FLIR_Thermal_Camera/FLIR_Thermal_Camera.srcs/sources_1/bd/design_1/hdl/design_1.vhd:246]
INFO: [Synth 8-638] synthesizing module 'design_1_xlconstant_0_1' [D:/Vivado_workspace/vivado2016.4/FLIR_Thermal_Camera/FLIR_Thermal_Camera.runs/synth_1/.Xil/Vivado-29400-Dell-RNX-RD/realtime/design_1_xlconstant_0_1_stub.vhdl:12]
INFO: [Synth 8-3491] module 'design_1_blk_mem_gen_0_0' declared at 'D:/Vivado_workspace/vivado2016.4/FLIR_Thermal_Camera/FLIR_Thermal_Camera.runs/synth_1/.Xil/Vivado-29400-Dell-RNX-RD/realtime/design_1_blk_mem_gen_0_0_stub.vhdl:5' bound to instance 'blk_mem_gen_0' of component 'design_1_blk_mem_gen_0_0' [D:/Vivado_workspace/vivado2016.4/FLIR_Thermal_Camera/FLIR_Thermal_Camera.srcs/sources_1/bd/design_1/hdl/design_1.vhd:250]
INFO: [Synth 8-638] synthesizing module 'design_1_blk_mem_gen_0_0' [D:/Vivado_workspace/vivado2016.4/FLIR_Thermal_Camera/FLIR_Thermal_Camera.runs/synth_1/.Xil/Vivado-29400-Dell-RNX-RD/realtime/design_1_blk_mem_gen_0_0_stub.vhdl:20]
INFO: [Synth 8-3491] module 'design_1_clk_wiz_0_0' declared at 'D:/Vivado_workspace/vivado2016.4/FLIR_Thermal_Camera/FLIR_Thermal_Camera.runs/synth_1/.Xil/Vivado-29400-Dell-RNX-RD/realtime/design_1_clk_wiz_0_0_stub.vhdl:5' bound to instance 'clk_wiz_0' of component 'design_1_clk_wiz_0_0' [D:/Vivado_workspace/vivado2016.4/FLIR_Thermal_Camera/FLIR_Thermal_Camera.srcs/sources_1/bd/design_1/hdl/design_1.vhd:262]
INFO: [Synth 8-638] synthesizing module 'design_1_clk_wiz_0_0' [D:/Vivado_workspace/vivado2016.4/FLIR_Thermal_Camera/FLIR_Thermal_Camera.runs/synth_1/.Xil/Vivado-29400-Dell-RNX-RD/realtime/design_1_clk_wiz_0_0_stub.vhdl:18]
INFO: [Synth 8-3491] module 'design_1_ila_0_0' declared at 'D:/Vivado_workspace/vivado2016.4/FLIR_Thermal_Camera/FLIR_Thermal_Camera.runs/synth_1/.Xil/Vivado-29400-Dell-RNX-RD/realtime/design_1_ila_0_0_stub.vhdl:5' bound to instance 'ila_0' of component 'design_1_ila_0_0' [D:/Vivado_workspace/vivado2016.4/FLIR_Thermal_Camera/FLIR_Thermal_Camera.srcs/sources_1/bd/design_1/hdl/design_1.vhd:272]
INFO: [Synth 8-638] synthesizing module 'design_1_ila_0_0' [D:/Vivado_workspace/vivado2016.4/FLIR_Thermal_Camera/FLIR_Thermal_Camera.runs/synth_1/.Xil/Vivado-29400-Dell-RNX-RD/realtime/design_1_ila_0_0_stub.vhdl:25]
INFO: [Synth 8-3491] module 'design_1_lepton_if_0_0' declared at 'D:/Vivado_workspace/vivado2016.4/FLIR_Thermal_Camera/FLIR_Thermal_Camera.runs/synth_1/.Xil/Vivado-29400-Dell-RNX-RD/realtime/design_1_lepton_if_0_0_stub.vhdl:5' bound to instance 'lepton_if_0' of component 'design_1_lepton_if_0_0' [D:/Vivado_workspace/vivado2016.4/FLIR_Thermal_Camera/FLIR_Thermal_Camera.srcs/sources_1/bd/design_1/hdl/design_1.vhd:289]
INFO: [Synth 8-638] synthesizing module 'design_1_lepton_if_0_0' [D:/Vivado_workspace/vivado2016.4/FLIR_Thermal_Camera/FLIR_Thermal_Camera.runs/synth_1/.Xil/Vivado-29400-Dell-RNX-RD/realtime/design_1_lepton_if_0_0_stub.vhdl:25]
INFO: [Synth 8-3491] module 'design_1_rgb2vga_0_0' declared at 'D:/Vivado_workspace/vivado2016.4/FLIR_Thermal_Camera/FLIR_Thermal_Camera.runs/synth_1/.Xil/Vivado-29400-Dell-RNX-RD/realtime/design_1_rgb2vga_0_0_stub.vhdl:5' bound to instance 'rgb2vga_0' of component 'design_1_rgb2vga_0_0' [D:/Vivado_workspace/vivado2016.4/FLIR_Thermal_Camera/FLIR_Thermal_Camera.srcs/sources_1/bd/design_1/hdl/design_1.vhd:306]
INFO: [Synth 8-638] synthesizing module 'design_1_rgb2vga_0_0' [D:/Vivado_workspace/vivado2016.4/FLIR_Thermal_Camera/FLIR_Thermal_Camera.runs/synth_1/.Xil/Vivado-29400-Dell-RNX-RD/realtime/design_1_rgb2vga_0_0_stub.vhdl:21]
INFO: [Synth 8-3491] module 'design_1_util_vector_logic_0_0' declared at 'D:/Vivado_workspace/vivado2016.4/FLIR_Thermal_Camera/FLIR_Thermal_Camera.runs/synth_1/.Xil/Vivado-29400-Dell-RNX-RD/realtime/design_1_util_vector_logic_0_0_stub.vhdl:5' bound to instance 'util_vector_logic_0' of component 'design_1_util_vector_logic_0_0' [D:/Vivado_workspace/vivado2016.4/FLIR_Thermal_Camera/FLIR_Thermal_Camera.srcs/sources_1/bd/design_1/hdl/design_1.vhd:319]
INFO: [Synth 8-638] synthesizing module 'design_1_util_vector_logic_0_0' [D:/Vivado_workspace/vivado2016.4/FLIR_Thermal_Camera/FLIR_Thermal_Camera.runs/synth_1/.Xil/Vivado-29400-Dell-RNX-RD/realtime/design_1_util_vector_logic_0_0_stub.vhdl:13]
INFO: [Synth 8-3491] module 'design_1_v_tc_0_0' declared at 'D:/Vivado_workspace/vivado2016.4/FLIR_Thermal_Camera/FLIR_Thermal_Camera.runs/synth_1/.Xil/Vivado-29400-Dell-RNX-RD/realtime/design_1_v_tc_0_0_stub.vhdl:5' bound to instance 'v_tc_0' of component 'design_1_v_tc_0_0' [D:/Vivado_workspace/vivado2016.4/FLIR_Thermal_Camera/FLIR_Thermal_Camera.srcs/sources_1/bd/design_1/hdl/design_1.vhd:324]
INFO: [Synth 8-638] synthesizing module 'design_1_v_tc_0_0' [D:/Vivado_workspace/vivado2016.4/FLIR_Thermal_Camera/FLIR_Thermal_Camera.runs/synth_1/.Xil/Vivado-29400-Dell-RNX-RD/realtime/design_1_v_tc_0_0_stub.vhdl:19]
INFO: [Synth 8-3491] module 'design_1_xlconcat_0_0' declared at 'D:/Vivado_workspace/vivado2016.4/FLIR_Thermal_Camera/FLIR_Thermal_Camera.runs/synth_1/.Xil/Vivado-29400-Dell-RNX-RD/realtime/design_1_xlconcat_0_0_stub.vhdl:5' bound to instance 'xlconcat_0' of component 'design_1_xlconcat_0_0' [D:/Vivado_workspace/vivado2016.4/FLIR_Thermal_Camera/FLIR_Thermal_Camera.srcs/sources_1/bd/design_1/hdl/design_1.vhd:335]
INFO: [Synth 8-638] synthesizing module 'design_1_xlconcat_0_0' [D:/Vivado_workspace/vivado2016.4/FLIR_Thermal_Camera/FLIR_Thermal_Camera.runs/synth_1/.Xil/Vivado-29400-Dell-RNX-RD/realtime/design_1_xlconcat_0_0_stub.vhdl:15]
INFO: [Synth 8-3491] module 'design_1_xlconstant_0_0' declared at 'D:/Vivado_workspace/vivado2016.4/FLIR_Thermal_Camera/FLIR_Thermal_Camera.runs/synth_1/.Xil/Vivado-29400-Dell-RNX-RD/realtime/design_1_xlconstant_0_0_stub.vhdl:5' bound to instance 'xlconstant_0' of component 'design_1_xlconstant_0_0' [D:/Vivado_workspace/vivado2016.4/FLIR_Thermal_Camera/FLIR_Thermal_Camera.srcs/sources_1/bd/design_1/hdl/design_1.vhd:342]
INFO: [Synth 8-638] synthesizing module 'design_1_xlconstant_0_0' [D:/Vivado_workspace/vivado2016.4/FLIR_Thermal_Camera/FLIR_Thermal_Camera.runs/synth_1/.Xil/Vivado-29400-Dell-RNX-RD/realtime/design_1_xlconstant_0_0_stub.vhdl:12]
INFO: [Synth 8-3491] module 'design_1_xlconstant_0_2' declared at 'D:/Vivado_workspace/vivado2016.4/FLIR_Thermal_Camera/FLIR_Thermal_Camera.runs/synth_1/.Xil/Vivado-29400-Dell-RNX-RD/realtime/design_1_xlconstant_0_2_stub.vhdl:5' bound to instance 'xlconstant_1' of component 'design_1_xlconstant_0_2' [D:/Vivado_workspace/vivado2016.4/FLIR_Thermal_Camera/FLIR_Thermal_Camera.srcs/sources_1/bd/design_1/hdl/design_1.vhd:346]
INFO: [Synth 8-638] synthesizing module 'design_1_xlconstant_0_2' [D:/Vivado_workspace/vivado2016.4/FLIR_Thermal_Camera/FLIR_Thermal_Camera.runs/synth_1/.Xil/Vivado-29400-Dell-RNX-RD/realtime/design_1_xlconstant_0_2_stub.vhdl:12]
INFO: [Synth 8-256] done synthesizing module 'design_1' (1#1) [D:/Vivado_workspace/vivado2016.4/FLIR_Thermal_Camera/FLIR_Thermal_Camera.srcs/sources_1/bd/design_1/hdl/design_1.vhd:40]
INFO: [Synth 8-256] done synthesizing module 'design_1_wrapper' (2#1) [D:/Vivado_workspace/vivado2016.4/FLIR_Thermal_Camera/FLIR_Thermal_Camera.srcs/sources_1/bd/design_1/hdl/design_1_wrapper.vhd:36]
---------------------------------------------------------------------------------
Finished RTL Elaboration : Time (s): cpu = 00:00:08 ; elapsed = 00:00:14 . Memory (MB): peak = 422.270 ; gain = 212.129
---------------------------------------------------------------------------------

Report Check Netlist: 
+------+------------------+-------+---------+-------+------------------+
|      |Item              |Errors |Warnings |Status |Description       |
+------+------------------+-------+---------+-------+------------------+
|1     |multi_driven_nets |      0|        0|Passed |Multi driven nets |
+------+------------------+-------+---------+-------+------------------+
---------------------------------------------------------------------------------
Finished RTL Optimization Phase 1 : Time (s): cpu = 00:00:08 ; elapsed = 00:00:14 . Memory (MB): peak = 422.270 ; gain = 212.129
---------------------------------------------------------------------------------
WARNING: [Project 1-486] Could not resolve non-primitive black box cell 'design_1_Cntrl_BRAM_out_0_0' instantiated as 'design_1_i/Cntrl_BRAM_out_0' [D:/Vivado_workspace/vivado2016.4/FLIR_Thermal_Camera/FLIR_Thermal_Camera.srcs/sources_1/bd/design_1/hdl/design_1.vhd:235]
WARNING: [Project 1-486] Could not resolve non-primitive black box cell 'design_1_R_CONST_0' instantiated as 'design_1_i/G_CONST' [D:/Vivado_workspace/vivado2016.4/FLIR_Thermal_Camera/FLIR_Thermal_Camera.srcs/sources_1/bd/design_1/hdl/design_1.vhd:242]
WARNING: [Project 1-486] Could not resolve non-primitive black box cell 'design_1_R_CONST_1' instantiated as 'design_1_i/B_CONST' [D:/Vivado_workspace/vivado2016.4/FLIR_Thermal_Camera/FLIR_Thermal_Camera.srcs/sources_1/bd/design_1/hdl/design_1.vhd:231]
WARNING: [Project 1-486] Could not resolve non-primitive black box cell 'design_1_blk_mem_gen_0_0' instantiated as 'design_1_i/blk_mem_gen_0' [D:/Vivado_workspace/vivado2016.4/FLIR_Thermal_Camera/FLIR_Thermal_Camera.srcs/sources_1/bd/design_1/hdl/design_1.vhd:250]
WARNING: [Project 1-486] Could not resolve non-primitive black box cell 'design_1_clk_wiz_0_0' instantiated as 'design_1_i/clk_wiz_0' [D:/Vivado_workspace/vivado2016.4/FLIR_Thermal_Camera/FLIR_Thermal_Camera.srcs/sources_1/bd/design_1/hdl/design_1.vhd:262]
WARNING: [Project 1-486] Could not resolve non-primitive black box cell 'design_1_ila_0_0' instantiated as 'design_1_i/ila_0' [D:/Vivado_workspace/vivado2016.4/FLIR_Thermal_Camera/FLIR_Thermal_Camera.srcs/sources_1/bd/design_1/hdl/design_1.vhd:272]
WARNING: [Project 1-486] Could not resolve non-primitive black box cell 'design_1_lepton_if_0_0' instantiated as 'design_1_i/lepton_if_0' [D:/Vivado_workspace/vivado2016.4/FLIR_Thermal_Camera/FLIR_Thermal_Camera.srcs/sources_1/bd/design_1/hdl/design_1.vhd:289]
WARNING: [Project 1-486] Could not resolve non-primitive black box cell 'design_1_rgb2vga_0_0' instantiated as 'design_1_i/rgb2vga_0' [D:/Vivado_workspace/vivado2016.4/FLIR_Thermal_Camera/FLIR_Thermal_Camera.srcs/sources_1/bd/design_1/hdl/design_1.vhd:306]
WARNING: [Project 1-486] Could not resolve non-primitive black box cell 'design_1_util_vector_logic_0_0' instantiated as 'design_1_i/util_vector_logic_0' [D:/Vivado_workspace/vivado2016.4/FLIR_Thermal_Camera/FLIR_Thermal_Camera.srcs/sources_1/bd/design_1/hdl/design_1.vhd:319]
WARNING: [Project 1-486] Could not resolve non-primitive black box cell 'design_1_v_tc_0_0' instantiated as 'design_1_i/v_tc_0' [D:/Vivado_workspace/vivado2016.4/FLIR_Thermal_Camera/FLIR_Thermal_Camera.srcs/sources_1/bd/design_1/hdl/design_1.vhd:324]
WARNING: [Project 1-486] Could not resolve non-primitive black box cell 'design_1_xlconcat_0_0' instantiated as 'design_1_i/xlconcat_0' [D:/Vivado_workspace/vivado2016.4/FLIR_Thermal_Camera/FLIR_Thermal_Camera.srcs/sources_1/bd/design_1/hdl/design_1.vhd:335]
WARNING: [Project 1-486] Could not resolve non-primitive black box cell 'design_1_xlconstant_0_0' instantiated as 'design_1_i/xlconstant_0' [D:/Vivado_workspace/vivado2016.4/FLIR_Thermal_Camera/FLIR_Thermal_Camera.srcs/sources_1/bd/design_1/hdl/design_1.vhd:342]
WARNING: [Project 1-486] Could not resolve non-primitive black box cell 'design_1_xlconstant_0_1' instantiated as 'design_1_i/R_CONST' [D:/Vivado_workspace/vivado2016.4/FLIR_Thermal_Camera/FLIR_Thermal_Camera.srcs/sources_1/bd/design_1/hdl/design_1.vhd:246]
WARNING: [Project 1-486] Could not resolve non-primitive black box cell 'design_1_xlconstant_0_2' instantiated as 'design_1_i/xlconstant_1' [D:/Vivado_workspace/vivado2016.4/FLIR_Thermal_Camera/FLIR_Thermal_Camera.srcs/sources_1/bd/design_1/hdl/design_1.vhd:346]
INFO: [Device 21-403] Loading part xc7k325tffg900-2
INFO: [Project 1-570] Preparing netlist for logic optimization

Processing XDC Constraints
Initializing timing engine
Parsing XDC File [D:/Vivado_workspace/vivado2016.4/FLIR_Thermal_Camera/FLIR_Thermal_Camera.runs/synth_1/.Xil/Vivado-29400-Dell-RNX-RD/dcp/design_1_clk_wiz_0_0_in_context.xdc] for cell 'design_1_i/clk_wiz_0'
Finished Parsing XDC File [D:/Vivado_workspace/vivado2016.4/FLIR_Thermal_Camera/FLIR_Thermal_Camera.runs/synth_1/.Xil/Vivado-29400-Dell-RNX-RD/dcp/design_1_clk_wiz_0_0_in_context.xdc] for cell 'design_1_i/clk_wiz_0'
Parsing XDC File [D:/Vivado_workspace/vivado2016.4/FLIR_Thermal_Camera/FLIR_Thermal_Camera.runs/synth_1/.Xil/Vivado-29400-Dell-RNX-RD/dcp_2/design_1_ila_0_0_in_context.xdc] for cell 'design_1_i/ila_0'
Finished Parsing XDC File [D:/Vivado_workspace/vivado2016.4/FLIR_Thermal_Camera/FLIR_Thermal_Camera.runs/synth_1/.Xil/Vivado-29400-Dell-RNX-RD/dcp_2/design_1_ila_0_0_in_context.xdc] for cell 'design_1_i/ila_0'
Parsing XDC File [D:/Vivado_workspace/vivado2016.4/FLIR_Thermal_Camera/FLIR_Thermal_Camera.runs/synth_1/.Xil/Vivado-29400-Dell-RNX-RD/dcp_3/design_1_lepton_if_0_0_in_context.xdc] for cell 'design_1_i/lepton_if_0'
Finished Parsing XDC File [D:/Vivado_workspace/vivado2016.4/FLIR_Thermal_Camera/FLIR_Thermal_Camera.runs/synth_1/.Xil/Vivado-29400-Dell-RNX-RD/dcp_3/design_1_lepton_if_0_0_in_context.xdc] for cell 'design_1_i/lepton_if_0'
Parsing XDC File [D:/Vivado_workspace/vivado2016.4/FLIR_Thermal_Camera/FLIR_Thermal_Camera.runs/synth_1/.Xil/Vivado-29400-Dell-RNX-RD/dcp_4/design_1_xlconstant_0_0_in_context.xdc] for cell 'design_1_i/xlconstant_0'
Finished Parsing XDC File [D:/Vivado_workspace/vivado2016.4/FLIR_Thermal_Camera/FLIR_Thermal_Camera.runs/synth_1/.Xil/Vivado-29400-Dell-RNX-RD/dcp_4/design_1_xlconstant_0_0_in_context.xdc] for cell 'design_1_i/xlconstant_0'
Parsing XDC File [D:/Vivado_workspace/vivado2016.4/FLIR_Thermal_Camera/FLIR_Thermal_Camera.runs/synth_1/.Xil/Vivado-29400-Dell-RNX-RD/dcp_5/design_1_rgb2vga_0_0_in_context.xdc] for cell 'design_1_i/rgb2vga_0'
Finished Parsing XDC File [D:/Vivado_workspace/vivado2016.4/FLIR_Thermal_Camera/FLIR_Thermal_Camera.runs/synth_1/.Xil/Vivado-29400-Dell-RNX-RD/dcp_5/design_1_rgb2vga_0_0_in_context.xdc] for cell 'design_1_i/rgb2vga_0'
Parsing XDC File [D:/Vivado_workspace/vivado2016.4/FLIR_Thermal_Camera/FLIR_Thermal_Camera.runs/synth_1/.Xil/Vivado-29400-Dell-RNX-RD/dcp_6/design_1_v_tc_0_0_in_context.xdc] for cell 'design_1_i/v_tc_0'
Finished Parsing XDC File [D:/Vivado_workspace/vivado2016.4/FLIR_Thermal_Camera/FLIR_Thermal_Camera.runs/synth_1/.Xil/Vivado-29400-Dell-RNX-RD/dcp_6/design_1_v_tc_0_0_in_context.xdc] for cell 'design_1_i/v_tc_0'
Parsing XDC File [D:/Vivado_workspace/vivado2016.4/FLIR_Thermal_Camera/FLIR_Thermal_Camera.runs/synth_1/.Xil/Vivado-29400-Dell-RNX-RD/dcp_7/design_1_R_CONST_0_in_context.xdc] for cell 'design_1_i/R_CONST'
Finished Parsing XDC File [D:/Vivado_workspace/vivado2016.4/FLIR_Thermal_Camera/FLIR_Thermal_Camera.runs/synth_1/.Xil/Vivado-29400-Dell-RNX-RD/dcp_7/design_1_R_CONST_0_in_context.xdc] for cell 'design_1_i/R_CONST'
Parsing XDC File [D:/Vivado_workspace/vivado2016.4/FLIR_Thermal_Camera/FLIR_Thermal_Camera.runs/synth_1/.Xil/Vivado-29400-Dell-RNX-RD/dcp_8/design_1_xlconstant_0_1_in_context.xdc] for cell 'design_1_i/G_CONST'
Finished Parsing XDC File [D:/Vivado_workspace/vivado2016.4/FLIR_Thermal_Camera/FLIR_Thermal_Camera.runs/synth_1/.Xil/Vivado-29400-Dell-RNX-RD/dcp_8/design_1_xlconstant_0_1_in_context.xdc] for cell 'design_1_i/G_CONST'
Parsing XDC File [D:/Vivado_workspace/vivado2016.4/FLIR_Thermal_Camera/FLIR_Thermal_Camera.runs/synth_1/.Xil/Vivado-29400-Dell-RNX-RD/dcp_9/design_1_R_CONST_0_in_context.xdc] for cell 'design_1_i/B_CONST'
Finished Parsing XDC File [D:/Vivado_workspace/vivado2016.4/FLIR_Thermal_Camera/FLIR_Thermal_Camera.runs/synth_1/.Xil/Vivado-29400-Dell-RNX-RD/dcp_9/design_1_R_CONST_0_in_context.xdc] for cell 'design_1_i/B_CONST'
Parsing XDC File [D:/Vivado_workspace/vivado2016.4/FLIR_Thermal_Camera/FLIR_Thermal_Camera.runs/synth_1/.Xil/Vivado-29400-Dell-RNX-RD/dcp_10/design_1_xlconcat_0_0_in_context.xdc] for cell 'design_1_i/xlconcat_0'
Finished Parsing XDC File [D:/Vivado_workspace/vivado2016.4/FLIR_Thermal_Camera/FLIR_Thermal_Camera.runs/synth_1/.Xil/Vivado-29400-Dell-RNX-RD/dcp_10/design_1_xlconcat_0_0_in_context.xdc] for cell 'design_1_i/xlconcat_0'
Parsing XDC File [D:/Vivado_workspace/vivado2016.4/FLIR_Thermal_Camera/FLIR_Thermal_Camera.runs/synth_1/.Xil/Vivado-29400-Dell-RNX-RD/dcp_11/design_1_xlconstant_0_2_in_context.xdc] for cell 'design_1_i/xlconstant_1'
Finished Parsing XDC File [D:/Vivado_workspace/vivado2016.4/FLIR_Thermal_Camera/FLIR_Thermal_Camera.runs/synth_1/.Xil/Vivado-29400-Dell-RNX-RD/dcp_11/design_1_xlconstant_0_2_in_context.xdc] for cell 'design_1_i/xlconstant_1'
Parsing XDC File [D:/Vivado_workspace/vivado2016.4/FLIR_Thermal_Camera/FLIR_Thermal_Camera.runs/synth_1/.Xil/Vivado-29400-Dell-RNX-RD/dcp_12/design_1_blk_mem_gen_0_0_in_context.xdc] for cell 'design_1_i/blk_mem_gen_0'
Finished Parsing XDC File [D:/Vivado_workspace/vivado2016.4/FLIR_Thermal_Camera/FLIR_Thermal_Camera.runs/synth_1/.Xil/Vivado-29400-Dell-RNX-RD/dcp_12/design_1_blk_mem_gen_0_0_in_context.xdc] for cell 'design_1_i/blk_mem_gen_0'
Parsing XDC File [D:/Vivado_workspace/vivado2016.4/FLIR_Thermal_Camera/FLIR_Thermal_Camera.runs/synth_1/.Xil/Vivado-29400-Dell-RNX-RD/dcp_13/design_1_Cntrl_BRAM_out_0_0_in_context.xdc] for cell 'design_1_i/Cntrl_BRAM_out_0'
Finished Parsing XDC File [D:/Vivado_workspace/vivado2016.4/FLIR_Thermal_Camera/FLIR_Thermal_Camera.runs/synth_1/.Xil/Vivado-29400-Dell-RNX-RD/dcp_13/design_1_Cntrl_BRAM_out_0_0_in_context.xdc] for cell 'design_1_i/Cntrl_BRAM_out_0'
Parsing XDC File [D:/Vivado_workspace/vivado2016.4/FLIR_Thermal_Camera/FLIR_Thermal_Camera.runs/synth_1/.Xil/Vivado-29400-Dell-RNX-RD/dcp_14/design_1_util_vector_logic_0_0_in_context.xdc] for cell 'design_1_i/util_vector_logic_0'
Finished Parsing XDC File [D:/Vivado_workspace/vivado2016.4/FLIR_Thermal_Camera/FLIR_Thermal_Camera.runs/synth_1/.Xil/Vivado-29400-Dell-RNX-RD/dcp_14/design_1_util_vector_logic_0_0_in_context.xdc] for cell 'design_1_i/util_vector_logic_0'
Parsing XDC File [D:/Vivado_workspace/vivado2016.4/FLIR_Thermal_Camera/FLIR_Thermal_Camera.srcs/constrs_1/imports/new/Genesys2_Master.xdc]
Finished Parsing XDC File [D:/Vivado_workspace/vivado2016.4/FLIR_Thermal_Camera/FLIR_Thermal_Camera.srcs/constrs_1/imports/new/Genesys2_Master.xdc]
INFO: [Project 1-236] Implementation specific constraints were found while reading constraint file [D:/Vivado_workspace/vivado2016.4/FLIR_Thermal_Camera/FLIR_Thermal_Camera.srcs/constrs_1/imports/new/Genesys2_Master.xdc]. These constraints will be ignored for synthesis but will be used in implementation. Impacted constraints are listed in the file [.Xil/design_1_wrapper_propImpl.xdc].
Resolution: To avoid this warning, move constraints listed in [.Xil/design_1_wrapper_propImpl.xdc] to another XDC file and exclude this new file from synthesis with the used_in_synthesis property (File Properties dialog in GUI) and re-run elaboration/synthesis.
Parsing XDC File [D:/Vivado_workspace/vivado2016.4/FLIR_Thermal_Camera/FLIR_Thermal_Camera.runs/synth_1/dont_touch.xdc]
Finished Parsing XDC File [D:/Vivado_workspace/vivado2016.4/FLIR_Thermal_Camera/FLIR_Thermal_Camera.runs/synth_1/dont_touch.xdc]
Completed Processing XDC Constraints

INFO: [Project 1-111] Unisim Transformation Summary:
No Unisim elements were transformed.

Constraint Validation Runtime : Time (s): cpu = 00:00:00 ; elapsed = 00:00:00.013 . Memory (MB): peak = 713.551 ; gain = 0.000
---------------------------------------------------------------------------------
Finished Constraint Validation : Time (s): cpu = 00:00:16 ; elapsed = 00:00:24 . Memory (MB): peak = 713.551 ; gain = 503.410
---------------------------------------------------------------------------------
---------------------------------------------------------------------------------
Start Loading Part and Timing Information
---------------------------------------------------------------------------------
Loading part: xc7k325tffg900-2
---------------------------------------------------------------------------------
Finished Loading Part and Timing Information : Time (s): cpu = 00:00:16 ; elapsed = 00:00:24 . Memory (MB): peak = 713.551 ; gain = 503.410
---------------------------------------------------------------------------------
---------------------------------------------------------------------------------
Start Applying 'set_property' XDC Constraints
---------------------------------------------------------------------------------
Applied set_property IO_BUFFER_TYPE = NONE for clk_in1_n. (constraint file  D:/Vivado_workspace/vivado2016.4/FLIR_Thermal_Camera/FLIR_Thermal_Camera.runs/synth_1/.Xil/Vivado-29400-Dell-RNX-RD/dcp/design_1_clk_wiz_0_0_in_context.xdc, line 5).
Applied set_property CLOCK_BUFFER_TYPE = NONE for clk_in1_n. (constraint file  D:/Vivado_workspace/vivado2016.4/FLIR_Thermal_Camera/FLIR_Thermal_Camera.runs/synth_1/.Xil/Vivado-29400-Dell-RNX-RD/dcp/design_1_clk_wiz_0_0_in_context.xdc, line 6).
Applied set_property IO_BUFFER_TYPE = NONE for clk_in1_p. (constraint file  D:/Vivado_workspace/vivado2016.4/FLIR_Thermal_Camera/FLIR_Thermal_Camera.runs/synth_1/.Xil/Vivado-29400-Dell-RNX-RD/dcp/design_1_clk_wiz_0_0_in_context.xdc, line 7).
Applied set_property CLOCK_BUFFER_TYPE = NONE for clk_in1_p. (constraint file  D:/Vivado_workspace/vivado2016.4/FLIR_Thermal_Camera/FLIR_Thermal_Camera.runs/synth_1/.Xil/Vivado-29400-Dell-RNX-RD/dcp/design_1_clk_wiz_0_0_in_context.xdc, line 8).
Applied set_property DONT_TOUCH = true for design_1_i. (constraint file  auto generated constraint, line ).
Applied set_property DONT_TOUCH = true for design_1_i/B_CONST. (constraint file  auto generated constraint, line ).
Applied set_property DONT_TOUCH = true for design_1_i/Cntrl_BRAM_out_0. (constraint file  auto generated constraint, line ).
Applied set_property DONT_TOUCH = true for design_1_i/G_CONST. (constraint file  auto generated constraint, line ).
Applied set_property DONT_TOUCH = true for design_1_i/R_CONST. (constraint file  auto generated constraint, line ).
Applied set_property DONT_TOUCH = true for design_1_i/blk_mem_gen_0. (constraint file  auto generated constraint, line ).
Applied set_property DONT_TOUCH = true for design_1_i/clk_wiz_0. (constraint file  auto generated constraint, line ).
Applied set_property DONT_TOUCH = true for design_1_i/ila_0. (constraint file  auto generated constraint, line ).
Applied set_property DONT_TOUCH = true for design_1_i/lepton_if_0. (constraint file  auto generated constraint, line ).
Applied set_property DONT_TOUCH = true for design_1_i/rgb2vga_0. (constraint file  auto generated constraint, line ).
Applied set_property DONT_TOUCH = true for design_1_i/util_vector_logic_0. (constraint file  auto generated constraint, line ).
Applied set_property DONT_TOUCH = true for design_1_i/v_tc_0. (constraint file  auto generated constraint, line ).
Applied set_property DONT_TOUCH = true for design_1_i/xlconcat_0. (constraint file  auto generated constraint, line ).
Applied set_property DONT_TOUCH = true for design_1_i/xlconstant_0. (constraint file  auto generated constraint, line ).
Applied set_property DONT_TOUCH = true for design_1_i/xlconstant_1. (constraint file  auto generated constraint, line ).
---------------------------------------------------------------------------------
Finished applying 'set_property' XDC Constraints : Time (s): cpu = 00:00:16 ; elapsed = 00:00:24 . Memory (MB): peak = 713.551 ; gain = 503.410
---------------------------------------------------------------------------------
---------------------------------------------------------------------------------
Finished RTL Optimization Phase 2 : Time (s): cpu = 00:00:16 ; elapsed = 00:00:24 . Memory (MB): peak = 713.551 ; gain = 503.410
---------------------------------------------------------------------------------

Report RTL Partitions: 
+-+--------------+------------+----------+
| |RTL Partition |Replication |Instances |
+-+--------------+------------+----------+
+-+--------------+------------+----------+
---------------------------------------------------------------------------------
Start RTL Component Statistics 
---------------------------------------------------------------------------------
Detailed RTL Component Info : 
---------------------------------------------------------------------------------
Finished RTL Component Statistics 
---------------------------------------------------------------------------------
---------------------------------------------------------------------------------
Start RTL Hierarchical Component Statistics 
---------------------------------------------------------------------------------
Hierarchical RTL Component report 
---------------------------------------------------------------------------------
Finished RTL Hierarchical Component Statistics
---------------------------------------------------------------------------------
---------------------------------------------------------------------------------
Start Part Resource Summary
---------------------------------------------------------------------------------
Part Resources:
DSPs: 840 (col length:140)
BRAMs: 890 (col length: RAMB18 140 RAMB36 70)
---------------------------------------------------------------------------------
Finished Part Resource Summary
---------------------------------------------------------------------------------
---------------------------------------------------------------------------------
Start Cross Boundary and Area Optimization
---------------------------------------------------------------------------------
---------------------------------------------------------------------------------
Finished Cross Boundary and Area Optimization : Time (s): cpu = 00:00:16 ; elapsed = 00:00:25 . Memory (MB): peak = 713.551 ; gain = 503.410
---------------------------------------------------------------------------------

Report RTL Partitions: 
+-+--------------+------------+----------+
| |RTL Partition |Replication |Instances |
+-+--------------+------------+----------+
+-+--------------+------------+----------+
---------------------------------------------------------------------------------
Start Timing Optimization
---------------------------------------------------------------------------------
---------------------------------------------------------------------------------
Start Applying XDC Timing Constraints
---------------------------------------------------------------------------------
INFO: [Synth 8-5578] Moved timing constraint from pin 'design_1_i/clk_wiz_0/clk_out1' to pin 'design_1_i/clk_wiz_0/bbstub_clk_out1/O'
INFO: [Synth 8-5578] Moved timing constraint from pin 'design_1_i/clk_wiz_0/clk_out2' to pin 'design_1_i/clk_wiz_0/bbstub_clk_out2/O'
INFO: [Synth 8-5578] Moved timing constraint from pin 'design_1_i/clk_wiz_0/clk_out3' to pin 'design_1_i/clk_wiz_0/bbstub_clk_out3/O'
INFO: [Synth 8-5819] Moved 3 constraints on hierarchical pins to their respective driving/loading pins
---------------------------------------------------------------------------------
Finished Applying XDC Timing Constraints : Time (s): cpu = 00:00:23 ; elapsed = 00:00:32 . Memory (MB): peak = 713.551 ; gain = 503.410
---------------------------------------------------------------------------------
---------------------------------------------------------------------------------
Finished Timing Optimization : Time (s): cpu = 00:00:23 ; elapsed = 00:00:32 . Memory (MB): peak = 713.551 ; gain = 503.410
---------------------------------------------------------------------------------

Report RTL Partitions: 
+-+--------------+------------+----------+
| |RTL Partition |Replication |Instances |
+-+--------------+------------+----------+
+-+--------------+------------+----------+
---------------------------------------------------------------------------------
Start Technology Mapping
---------------------------------------------------------------------------------
---------------------------------------------------------------------------------
Finished Technology Mapping : Time (s): cpu = 00:00:23 ; elapsed = 00:00:32 . Memory (MB): peak = 713.551 ; gain = 503.410
---------------------------------------------------------------------------------

Report RTL Partitions: 
+-+--------------+------------+----------+
| |RTL Partition |Replication |Instances |
+-+--------------+------------+----------+
+-+--------------+------------+----------+
---------------------------------------------------------------------------------
Start IO Insertion
---------------------------------------------------------------------------------
---------------------------------------------------------------------------------
Start Flattening Before IO Insertion
---------------------------------------------------------------------------------
---------------------------------------------------------------------------------
Finished Flattening Before IO Insertion
---------------------------------------------------------------------------------
---------------------------------------------------------------------------------
Start Final Netlist Cleanup
---------------------------------------------------------------------------------
---------------------------------------------------------------------------------
Finished Final Netlist Cleanup
---------------------------------------------------------------------------------
---------------------------------------------------------------------------------
Finished IO Insertion : Time (s): cpu = 00:00:24 ; elapsed = 00:00:32 . Memory (MB): peak = 713.551 ; gain = 503.410
---------------------------------------------------------------------------------

Report Check Netlist: 
+------+------------------+-------+---------+-------+------------------+
|      |Item              |Errors |Warnings |Status |Description       |
+------+------------------+-------+---------+-------+------------------+
|1     |multi_driven_nets |      0|        0|Passed |Multi driven nets |
+------+------------------+-------+---------+-------+------------------+
---------------------------------------------------------------------------------
Start Renaming Generated Instances
---------------------------------------------------------------------------------
---------------------------------------------------------------------------------
Finished Renaming Generated Instances : Time (s): cpu = 00:00:24 ; elapsed = 00:00:32 . Memory (MB): peak = 713.551 ; gain = 503.410
---------------------------------------------------------------------------------

Report RTL Partitions: 
+-+--------------+------------+----------+
| |RTL Partition |Replication |Instances |
+-+--------------+------------+----------+
+-+--------------+------------+----------+
---------------------------------------------------------------------------------
Start Rebuilding User Hierarchy
---------------------------------------------------------------------------------
---------------------------------------------------------------------------------
Finished Rebuilding User Hierarchy : Time (s): cpu = 00:00:24 ; elapsed = 00:00:32 . Memory (MB): peak = 713.551 ; gain = 503.410
---------------------------------------------------------------------------------
---------------------------------------------------------------------------------
Start Renaming Generated Ports
---------------------------------------------------------------------------------
---------------------------------------------------------------------------------
Finished Renaming Generated Ports : Time (s): cpu = 00:00:24 ; elapsed = 00:00:32 . Memory (MB): peak = 713.551 ; gain = 503.410
---------------------------------------------------------------------------------
---------------------------------------------------------------------------------
Start Handling Custom Attributes
---------------------------------------------------------------------------------
---------------------------------------------------------------------------------
Finished Handling Custom Attributes : Time (s): cpu = 00:00:24 ; elapsed = 00:00:32 . Memory (MB): peak = 713.551 ; gain = 503.410
---------------------------------------------------------------------------------
---------------------------------------------------------------------------------
Start Renaming Generated Nets
---------------------------------------------------------------------------------
---------------------------------------------------------------------------------
Finished Renaming Generated Nets : Time (s): cpu = 00:00:24 ; elapsed = 00:00:32 . Memory (MB): peak = 713.551 ; gain = 503.410
---------------------------------------------------------------------------------
---------------------------------------------------------------------------------
Start Writing Synthesis Report
---------------------------------------------------------------------------------

Report BlackBoxes: 
+------+-------------------------------+----------+
|      |BlackBox name                  |Instances |
+------+-------------------------------+----------+
|1     |design_1_R_CONST_1             |         1|
|2     |design_1_Cntrl_BRAM_out_0_0    |         1|
|3     |design_1_R_CONST_0             |         1|
|4     |design_1_xlconstant_0_1        |         1|
|5     |design_1_blk_mem_gen_0_0       |         1|
|6     |design_1_clk_wiz_0_0           |         1|
|7     |design_1_ila_0_0               |         1|
|8     |design_1_lepton_if_0_0         |         1|
|9     |design_1_rgb2vga_0_0           |         1|
|10    |design_1_util_vector_logic_0_0 |         1|
|11    |design_1_v_tc_0_0              |         1|
|12    |design_1_xlconcat_0_0          |         1|
|13    |design_1_xlconstant_0_0        |         1|
|14    |design_1_xlconstant_0_2        |         1|
+------+-------------------------------+----------+

Report Cell Usage: 
+------+------------------------------------+------+
|      |Cell                                |Count |
+------+------------------------------------+------+
|1     |design_1_Cntrl_BRAM_out_0_0_bbox    |     1|
|2     |design_1_R_CONST_0_bbox             |     1|
|3     |design_1_R_CONST_1_bbox             |     1|
|4     |design_1_blk_mem_gen_0_0_bbox       |     1|
|5     |design_1_clk_wiz_0_0_bbox           |     1|
|6     |design_1_ila_0_0_bbox               |     1|
|7     |design_1_lepton_if_0_0_bbox         |     1|
|8     |design_1_rgb2vga_0_0_bbox           |     1|
|9     |design_1_util_vector_logic_0_0_bbox |     1|
|10    |design_1_v_tc_0_0_bbox              |     1|
|11    |design_1_xlconcat_0_0_bbox          |     1|
|12    |design_1_xlconstant_0_0_bbox        |     1|
|13    |design_1_xlconstant_0_1_bbox        |     1|
|14    |design_1_xlconstant_0_2_bbox        |     1|
|15    |IBUF                                |     4|
|16    |OBUF                                |    24|
+------+------------------------------------+------+

Report Instance Areas: 
+------+-------------+---------+------+
|      |Instance     |Module   |Cells |
+------+-------------+---------+------+
|1     |top          |         |   193|
|2     |  design_1_i |design_1 |   165|
+------+-------------+---------+------+
---------------------------------------------------------------------------------
Finished Writing Synthesis Report : Time (s): cpu = 00:00:24 ; elapsed = 00:00:32 . Memory (MB): peak = 713.551 ; gain = 503.410
---------------------------------------------------------------------------------
Synthesis finished with 0 errors, 0 critical warnings and 0 warnings.
Synthesis Optimization Runtime : Time (s): cpu = 00:00:10 ; elapsed = 00:00:14 . Memory (MB): peak = 713.551 ; gain = 110.332
Synthesis Optimization Complete : Time (s): cpu = 00:00:24 ; elapsed = 00:00:33 . Memory (MB): peak = 713.551 ; gain = 503.410
INFO: [Project 1-571] Translating synthesized netlist
INFO: [Netlist 29-17] Analyzing 4 Unisim elements for replacement
INFO: [Netlist 29-28] Unisim Transformation completed in 0 CPU seconds
INFO: [Project 1-570] Preparing netlist for logic optimization
INFO: [Opt 31-138] Pushed 0 inverter(s) to 0 load pin(s).
INFO: [Project 1-111] Unisim Transformation Summary:
No Unisim elements were transformed.

INFO: [Common 17-83] Releasing license: Synthesis
56 Infos, 14 Warnings, 0 Critical Warnings and 0 Errors encountered.
synth_design completed successfully
synth_design: Time (s): cpu = 00:00:20 ; elapsed = 00:00:24 . Memory (MB): peak = 724.438 ; gain = 416.016
INFO: [Common 17-1381] The checkpoint 'D:/Vivado_workspace/vivado2016.4/FLIR_Thermal_Camera/FLIR_Thermal_Camera.runs/synth_1/design_1_wrapper.dcp' has been generated.
report_utilization: Time (s): cpu = 00:00:00 ; elapsed = 00:00:00.031 . Memory (MB): peak = 724.438 ; gain = 0.000
INFO: [Common 17-206] Exiting Vivado at Mon Jul 13 16:40:34 2020...
